GAS LISTING /tmp/ccD8exx4.s 			page 1


   1              		.file	"init.c"
   2              		.option nopic
   3              		.option norelax
   4              		.text
   5              	.Ltext0:
   6              		.cfi_sections	.debug_frame
   7              		.align	2
   8              		.globl	initInterrupt
  10              	initInterrupt:
  11              	.LFB0:
  12              		.file 1 "src/init.c"
   1:src/init.c    **** //
   2:src/init.c    **** // Created by os on 1/19/24.
   3:src/init.c    **** //
   4:src/init.c    **** #include "../lib/hw.h"
   5:src/init.c    **** void vectorRoutine();
   6:src/init.c    **** void initInterrupt(){
  13              		.loc 1 6 21
  14              		.cfi_startproc
  15 0000 130101FF 		addi	sp,sp,-16
  16              		.cfi_def_cfa_offset 16
  17 0004 23348100 		sd	s0,8(sp)
  18              		.cfi_offset 8, -8
  19 0008 13040101 		addi	s0,sp,16
  20              		.cfi_def_cfa 8, 0
   7:src/init.c    ****     asm volatile("csrw stvec, %0" : : "r" ((uint64)vectorRoutine|1)); //0x820141284121
  21              		.loc 1 7 5
  22              		.loc 1 7 44 is_stmt 0
  23 000c 97070000 		lla	a5,vectorRoutine
  23      93870700 
  24              		.loc 1 7 65
  25 0014 93E71700 		ori	a5,a5,1
  26              		.loc 1 7 5
  27              	#APP
  28              	# 7 "src/init.c" 1
   8              	}
  29              		csrw stvec, a5
  30              	# 0 "" 2
  31              		.loc 1 8 1
  32              	#NO_APP
  33 001c 03348100 		ld	s0,8(sp)
  34              		.cfi_restore 8
  35              		.cfi_def_cfa 2, 16
  36 0020 13010101 		addi	sp,sp,16
  37              		.cfi_def_cfa_offset 0
  38 0024 67800000 		jr	ra
  39              		.cfi_endproc
  40              	.LFE0:
  42              		.align	2
  43              		.globl	initTimer
  45              	initTimer:
  46              	.LFB1:
   9:src/init.c    **** 
  10:src/init.c    **** void initTimer(){
  47              		.loc 1 10 17 is_stmt 1
  48              		.cfi_startproc
  49 0028 130101FF 		addi	sp,sp,-16
GAS LISTING /tmp/ccD8exx4.s 			page 2


  50              		.cfi_def_cfa_offset 16
  51 002c 23348100 		sd	s0,8(sp)
  52              		.cfi_offset 8, -8
  53 0030 13040101 		addi	s0,sp,16
  54              		.cfi_def_cfa 8, 0
  11:src/init.c    ****     uint64 sstatus;
  55              		.loc 1 11 5
  12:src/init.c    ****     asm volatile("csrr %0, sstatus" : "=r"(sstatus));
  56              		.loc 1 12 5
  57              	#APP
  58              	# 12 "src/init.c" 1
  13              	    sstatus |= 1<<1;
  59              		csrr a5, sstatus
  60              	# 0 "" 2
  61              	.LVL0:
  62              		.loc 1 13 5
  63              		.loc 1 13 13 is_stmt 0
  64              	#NO_APP
  65 0038 93E72700 		ori	a5,a5,2
  66              	.LVL1:
  14:src/init.c    ****     asm volatile("csrw sstatus, %0" : : "r"(sstatus));
  67              		.loc 1 14 5 is_stmt 1
  68              	#APP
  69              	# 14 "src/init.c" 1
  15              	}
  70              		csrw sstatus, a5
  71              	# 0 "" 2
  72              		.loc 1 15 1 is_stmt 0
  73              	#NO_APP
  74 0040 03348100 		ld	s0,8(sp)
  75              		.cfi_restore 8
  76              		.cfi_def_cfa 2, 16
  77 0044 13010101 		addi	sp,sp,16
  78              		.cfi_def_cfa_offset 0
  79 0048 67800000 		jr	ra
  80              		.cfi_endproc
  81              	.LFE1:
  83              	.Letext0:
  84              		.file 2 "src/../lib/hw.h"
GAS LISTING /tmp/ccD8exx4.s 			page 3


DEFINED SYMBOLS
                            *ABS*:0000000000000000 init.c
     /tmp/ccD8exx4.s:10     .text:0000000000000000 initInterrupt
     /tmp/ccD8exx4.s:14     .text:0000000000000000 .L0 
     /tmp/ccD8exx4.s:15     .text:0000000000000000 .L0 
     /tmp/ccD8exx4.s:16     .text:0000000000000004 .L0 
     /tmp/ccD8exx4.s:18     .text:0000000000000008 .L0 
     /tmp/ccD8exx4.s:20     .text:000000000000000c .L0 
     /tmp/ccD8exx4.s:22     .text:000000000000000c .L0 
     /tmp/ccD8exx4.s:23     .text:000000000000000c .L0 
     /tmp/ccD8exx4.s:25     .text:0000000000000014 .L0 
          src/init.c:7      .text:0000000000000018 .L0 
     /tmp/ccD8exx4.s:33     .text:000000000000001c .L0 
     /tmp/ccD8exx4.s:34     .text:0000000000000020 .L0 
     /tmp/ccD8exx4.s:35     .text:0000000000000020 .L0 
     /tmp/ccD8exx4.s:37     .text:0000000000000024 .L0 
     /tmp/ccD8exx4.s:39     .text:0000000000000028 .L0 
     /tmp/ccD8exx4.s:45     .text:0000000000000028 initTimer
     /tmp/ccD8exx4.s:48     .text:0000000000000028 .L0 
     /tmp/ccD8exx4.s:49     .text:0000000000000028 .L0 
     /tmp/ccD8exx4.s:50     .text:000000000000002c .L0 
     /tmp/ccD8exx4.s:52     .text:0000000000000030 .L0 
     /tmp/ccD8exx4.s:54     .text:0000000000000034 .L0 
     /tmp/ccD8exx4.s:56     .text:0000000000000034 .L0 
          src/init.c:12     .text:0000000000000034 .L0 
     /tmp/ccD8exx4.s:63     .text:0000000000000038 .L0 
     /tmp/ccD8exx4.s:65     .text:0000000000000038 .L0 
          src/init.c:14     .text:000000000000003c .L0 
     /tmp/ccD8exx4.s:74     .text:0000000000000040 .L0 
     /tmp/ccD8exx4.s:75     .text:0000000000000044 .L0 
     /tmp/ccD8exx4.s:76     .text:0000000000000044 .L0 
     /tmp/ccD8exx4.s:78     .text:0000000000000048 .L0 
     /tmp/ccD8exx4.s:80     .text:000000000000004c .L0 
     /tmp/ccD8exx4.s:85     .text:000000000000004c .L0 
                     .debug_frame:0000000000000000 .L0 
     /tmp/ccD8exx4.s:23     .text:000000000000000c .L0 
     /tmp/ccD8exx4.s:237    .debug_abbrev:0000000000000000 .Ldebug_abbrev0
     /tmp/ccD8exx4.s:482    .debug_str:000000000000014a .LASF18
     /tmp/ccD8exx4.s:440    .debug_str:000000000000000d .LASF19
     /tmp/ccD8exx4.s:442    .debug_str:0000000000000018 .LASF20
     /tmp/ccD8exx4.s:5      .text:0000000000000000 .Ltext0
     /tmp/ccD8exx4.s:83     .text:000000000000004c .Letext0
     /tmp/ccD8exx4.s:436    .debug_line:0000000000000000 .Ldebug_line0
     /tmp/ccD8exx4.s:438    .debug_str:0000000000000000 .LASF0
     /tmp/ccD8exx4.s:474    .debug_str:0000000000000108 .LASF1
     /tmp/ccD8exx4.s:464    .debug_str:00000000000000b3 .LASF2
     /tmp/ccD8exx4.s:458    .debug_str:0000000000000092 .LASF4
     /tmp/ccD8exx4.s:452    .debug_str:0000000000000063 .LASF3
     /tmp/ccD8exx4.s:448    .debug_str:000000000000004c .LASF5
     /tmp/ccD8exx4.s:456    .debug_str:000000000000007f .LASF6
     /tmp/ccD8exx4.s:472    .debug_str:00000000000000f5 .LASF7
     /tmp/ccD8exx4.s:480    .debug_str:000000000000013a .LASF8
     /tmp/ccD8exx4.s:444    .debug_str:000000000000002f .LASF9
     /tmp/ccD8exx4.s:446    .debug_str:000000000000003d .LASF10
     /tmp/ccD8exx4.s:478    .debug_str:000000000000012b .LASF11
     /tmp/ccD8exx4.s:450    .debug_str:0000000000000053 .LASF12
     /tmp/ccD8exx4.s:476    .debug_str:000000000000011b .LASF13
GAS LISTING /tmp/ccD8exx4.s 			page 4


     /tmp/ccD8exx4.s:462    .debug_str:00000000000000a7 .LASF14
     /tmp/ccD8exx4.s:468    .debug_str:00000000000000d7 .LASF15
     /tmp/ccD8exx4.s:466    .debug_str:00000000000000c1 .LASF16
     /tmp/ccD8exx4.s:454    .debug_str:0000000000000075 .LASF21
     /tmp/ccD8exx4.s:46     .text:0000000000000028 .LFB1
     /tmp/ccD8exx4.s:81     .text:000000000000004c .LFE1
     /tmp/ccD8exx4.s:470    .debug_str:00000000000000ed .LASF17
     /tmp/ccD8exx4.s:460    .debug_str:0000000000000099 .LASF22
     /tmp/ccD8exx4.s:11     .text:0000000000000000 .LFB0
     /tmp/ccD8exx4.s:40     .text:0000000000000028 .LFE0
     /tmp/ccD8exx4.s:86     .debug_info:0000000000000000 .Ldebug_info0

UNDEFINED SYMBOLS
vectorRoutine
