GAS LISTING /tmp/ccscjjZT.s 			page 1


   1              		.file	"timerHandler.c"
   2              		.option nopic
   3              		.option norelax
   4              		.text
   5              	.Ltext0:
   6              		.cfi_sections	.debug_frame
   7              		.align	2
   8              		.globl	timer_handler
  10              	timer_handler:
  11              	.LFB0:
  12              		.file 1 "src/timerHandler.c"
   1:src/timerHandler.c **** //
   2:src/timerHandler.c **** // Created by os on 1/25/24.
   3:src/timerHandler.c **** //
   4:src/timerHandler.c **** #include "../lib/hw.h"
   5:src/timerHandler.c **** #include "../lib/console.h"
   6:src/timerHandler.c **** void timer_handler(){
  13              		.loc 1 6 21
  14              		.cfi_startproc
  15 0000 130101FF 		addi	sp,sp,-16
  16              		.cfi_def_cfa_offset 16
  17 0004 23348100 		sd	s0,8(sp)
  18              		.cfi_offset 8, -8
  19 0008 13040101 		addi	s0,sp,16
  20              		.cfi_def_cfa 8, 0
   7:src/timerHandler.c ****    // __putc('T');
   8:src/timerHandler.c ****     uint64 sip;
  21              		.loc 1 8 5
   9:src/timerHandler.c ****     __asm__ volatile("csrr %0, sip": "=r"(sip));
  22              		.loc 1 9 5
  23              	#APP
  24              	# 9 "src/timerHandler.c" 1
  10              	    sip &= ~2;
  25              		csrr a5, sip
  26              	# 0 "" 2
  27              	.LVL0:
  28              		.loc 1 10 5
  29              		.loc 1 10 9 is_stmt 0
  30              	#NO_APP
  31 0010 93F7D7FF 		andi	a5,a5,-3
  32              	.LVL1:
  11:src/timerHandler.c ****     __asm__ volatile("csrw sip, %0"::"r"(sip));
  33              		.loc 1 11 5 is_stmt 1
  34              	#APP
  35              	# 11 "src/timerHandler.c" 1
  12              	    return;
  36              		csrw sip, a5
  37              	# 0 "" 2
  38              		.loc 1 12 5
  13:src/timerHandler.c **** }...
  39              		.loc 1 13 1 is_stmt 0
  40              	#NO_APP
  41 0018 03348100 		ld	s0,8(sp)
  42              		.cfi_restore 8
  43              		.cfi_def_cfa 2, 16
  44 001c 13010101 		addi	sp,sp,16
  45              		.cfi_def_cfa_offset 0
GAS LISTING /tmp/ccscjjZT.s 			page 2


  46 0020 67800000 		jr	ra
  47              		.cfi_endproc
  48              	.LFE0:
  50              	.Letext0:
  51              		.file 2 "src/../lib/hw.h"
GAS LISTING /tmp/ccscjjZT.s 			page 3


DEFINED SYMBOLS
                            *ABS*:0000000000000000 timerHandler.c
     /tmp/ccscjjZT.s:10     .text:0000000000000000 timer_handler
     /tmp/ccscjjZT.s:14     .text:0000000000000000 .L0 
     /tmp/ccscjjZT.s:15     .text:0000000000000000 .L0 
     /tmp/ccscjjZT.s:16     .text:0000000000000004 .L0 
     /tmp/ccscjjZT.s:18     .text:0000000000000008 .L0 
     /tmp/ccscjjZT.s:20     .text:000000000000000c .L0 
     /tmp/ccscjjZT.s:22     .text:000000000000000c .L0 
  src/timerHandler.c:9      .text:000000000000000c .L0 
     /tmp/ccscjjZT.s:29     .text:0000000000000010 .L0 
     /tmp/ccscjjZT.s:31     .text:0000000000000010 .L0 
  src/timerHandler.c:11     .text:0000000000000014 .L0 
     /tmp/ccscjjZT.s:39     .text:0000000000000018 .L0 
     /tmp/ccscjjZT.s:41     .text:0000000000000018 .L0 
     /tmp/ccscjjZT.s:42     .text:000000000000001c .L0 
     /tmp/ccscjjZT.s:43     .text:000000000000001c .L0 
     /tmp/ccscjjZT.s:45     .text:0000000000000020 .L0 
     /tmp/ccscjjZT.s:47     .text:0000000000000024 .L0 
     /tmp/ccscjjZT.s:52     .text:0000000000000024 .L0 
                     .debug_frame:0000000000000000 .L0 
     /tmp/ccscjjZT.s:194    .debug_abbrev:0000000000000000 .Ldebug_abbrev0
     /tmp/ccscjjZT.s:410    .debug_str:0000000000000140 .LASF17
     /tmp/ccscjjZT.s:396    .debug_str:00000000000000c2 .LASF18
     /tmp/ccscjjZT.s:374    .debug_str:000000000000001b .LASF19
     /tmp/ccscjjZT.s:5      .text:0000000000000000 .Ltext0
     /tmp/ccscjjZT.s:50     .text:0000000000000024 .Letext0
     /tmp/ccscjjZT.s:368    .debug_line:0000000000000000 .Ldebug_line0
     /tmp/ccscjjZT.s:372    .debug_str:000000000000000e .LASF0
     /tmp/ccscjjZT.s:402    .debug_str:00000000000000fe .LASF1
     /tmp/ccscjjZT.s:394    .debug_str:00000000000000b4 .LASF2
     /tmp/ccscjjZT.s:390    .debug_str:00000000000000a1 .LASF4
     /tmp/ccscjjZT.s:384    .debug_str:0000000000000066 .LASF3
     /tmp/ccscjjZT.s:380    .debug_str:000000000000004f .LASF5
     /tmp/ccscjjZT.s:388    .debug_str:000000000000008e .LASF6
     /tmp/ccscjjZT.s:400    .debug_str:00000000000000eb .LASF7
     /tmp/ccscjjZT.s:408    .debug_str:0000000000000130 .LASF8
     /tmp/ccscjjZT.s:376    .debug_str:0000000000000032 .LASF9
     /tmp/ccscjjZT.s:378    .debug_str:0000000000000040 .LASF10
     /tmp/ccscjjZT.s:406    .debug_str:0000000000000121 .LASF11
     /tmp/ccscjjZT.s:382    .debug_str:0000000000000056 .LASF12
     /tmp/ccscjjZT.s:404    .debug_str:0000000000000111 .LASF13
     /tmp/ccscjjZT.s:392    .debug_str:00000000000000a8 .LASF14
     /tmp/ccscjjZT.s:398    .debug_str:00000000000000d5 .LASF15
     /tmp/ccscjjZT.s:386    .debug_str:0000000000000078 .LASF16
     /tmp/ccscjjZT.s:370    .debug_str:0000000000000000 .LASF20
     /tmp/ccscjjZT.s:11     .text:0000000000000000 .LFB0
     /tmp/ccscjjZT.s:48     .text:0000000000000024 .LFE0
     /tmp/ccscjjZT.s:53     .debug_info:0000000000000000 .Ldebug_info0

NO UNDEFINED SYMBOLS
